# JRE version: OpenJDK Runtime Environment (8.0_181-b13) (build 1.8.0_181-b13)
# Java VM: OpenJDK 64-Bit Server VM (25.181-b13 mixed mode linux-amd64 compressed oops)
Heap:
 PSYoungGen      total 485376K, used 45501K [0x00000000d7100000, 0x0000000100000000, 0x0000000100000000)
  eden space 357376K, 0% used [0x00000000d7100000,0x00000000d7100000,0x00000000ece00000)
  from space 128000K, 35% used [0x00000000f8300000,0x00000000faf6f6a8,0x0000000100000000)
  to   space 156672K, 0% used [0x00000000ece00000,0x00000000ece00000,0x00000000f6700000)
 ParOldGen       total 1061376K, used 1061334K [0x0000000085200000, 0x00000000c5e80000, 0x00000000d7100000)
  object space 1061376K, 99% used [0x0000000085200000,0x00000000c5e75a28,0x00000000c5e80000)
 Metaspace       used 47061K, capacity 50172K, committed 50304K, reserved 1093632K
  class space    used 6185K, capacity 6755K, committed 6784K, reserved 1048576K
GC Heap History (10 events):
Event: 172.913 GC heap after
Heap after GC invocations=103 (full 9):
 PSYoungGen      total 538624K, used 45600K [0x00000000d7100000, 0x0000000100000000, 0x0000000100000000)
  eden space 404992K, 0% used [0x00000000d7100000,0x00000000d7100000,0x00000000efc80000)
  from space 133632K, 34% used [0x00000000f7a80000,0x00000000fa708000,0x00000000ffd00000)
  to   space 129024K, 0% used [0x00000000efc80000,0x00000000efc80000,0x00000000f7a80000)
 ParOldGen       total 1061376K, used 985276K [0x0000000085200000, 0x00000000c5e80000, 0x00000000d7100000)
  object space 1061376K, 92% used [0x0000000085200000,0x00000000c142f070,0x00000000c5e80000)
 Metaspace       used 47061K, capacity 50172K, committed 50304K, reserved 1093632K
  class space    used 6185K, capacity 6755K, committed 6784K, reserved 1048576K
}
Event: 174.918 GC heap before
{Heap before GC invocations=104 (full 9):
 PSYoungGen      total 538624K, used 450592K [0x00000000d7100000, 0x0000000100000000, 0x0000000100000000)
  eden space 404992K, 100% used [0x00000000d7100000,0x00000000efc80000,0x00000000efc80000)
  from space 133632K, 34% used [0x00000000f7a80000,0x00000000fa708000,0x00000000ffd00000)
  to   space 129024K, 0% used [0x00000000efc80000,0x00000000efc80000,0x00000000f7a80000)
 ParOldGen       total 1061376K, used 985276K [0x0000000085200000, 0x00000000c5e80000, 0x00000000d7100000)
  object space 1061376K, 92% used [0x0000000085200000,0x00000000c142f070,0x00000000c5e80000)
 Metaspace       used 47061K, capacity 50172K, committed 50304K, reserved 1093632K
  class space    used 6185K, capacity 6755K, committed 6784K, reserved 1048576K
Event: 175.025 GC heap after
Heap after GC invocations=104 (full 9):
 PSYoungGen      total 465920K, used 60864K [0x00000000d7100000, 0x00000000fef80000, 0x0000000100000000)
  eden space 404992K, 0% used [0x00000000d7100000,0x00000000d7100000,0x00000000efc80000)
  from space 60928K, 99% used [0x00000000efc80000,0x00000000f37f0000,0x00000000f3800000)
  to   space 122880K, 0% used [0x00000000f7780000,0x00000000f7780000,0x00000000fef80000)
 ParOldGen       total 1061376K, used 985276K [0x0000000085200000, 0x00000000c5e80000, 0x00000000d7100000)
  object space 1061376K, 92% used [0x0000000085200000,0x00000000c142f070,0x00000000c5e80000)
 Metaspace       used 47061K, capacity 50172K, committed 50304K, reserved 1093632K
  class space    used 6185K, capacity 6755K, committed 6784K, reserved 1048576K
}
Event: 176.639 GC heap before
{Heap before GC invocations=105 (full 9):
 PSYoungGen      total 465920K, used 465856K [0x00000000d7100000, 0x00000000fef80000, 0x0000000100000000)
  eden space 404992K, 100% used [0x00000000d7100000,0x00000000efc80000,0x00000000efc80000)
  from space 60928K, 99% used [0x00000000efc80000,0x00000000f37f0000,0x00000000f3800000)
  to   space 122880K, 0% used [0x00000000f7780000,0x00000000f7780000,0x00000000fef80000)
 ParOldGen       total 1061376K, used 985276K [0x0000000085200000, 0x00000000c5e80000, 0x00000000d7100000)
  object space 1061376K, 92% used [0x0000000085200000,0x00000000c142f070,0x00000000c5e80000)
 Metaspace       used 47061K, capacity 50172K, committed 50304K, reserved 1093632K
  class space    used 6185K, capacity 6755K, committed 6784K, reserved 1048576K
Event: 176.766 GC heap after
Heap after GC invocations=105 (full 9):
 PSYoungGen      total 530944K, used 75808K [0x00000000d7100000, 0x0000000100000000, 0x0000000100000000)
  eden space 408064K, 0% used [0x00000000d7100000,0x00000000d7100000,0x00000000eff80000)
  from space 122880K, 61% used [0x00000000f7780000,0x00000000fc188000,0x00000000fef80000)
  to   space 122880K, 0% used [0x00000000eff80000,0x00000000eff80000,0x00000000f7780000)
 ParOldGen       total 1061376K, used 985276K [0x0000000085200000, 0x00000000c5e80000, 0x00000000d7100000)
  object space 1061376K, 92% used [0x0000000085200000,0x00000000c142f070,0x00000000c5e80000)
 Metaspace       used 47061K, capacity 50172K, committed 50304K, reserved 1093632K
  class space    used 6185K, capacity 6755K, committed 6784K, reserved 1048576K
}
Event: 178.466 GC heap before
{Heap before GC invocations=106 (full 9):
 PSYoungGen      total 530944K, used 483872K [0x00000000d7100000, 0x0000000100000000, 0x0000000100000000)
  eden space 408064K, 100% used [0x00000000d7100000,0x00000000eff80000,0x00000000eff80000)
  from space 122880K, 61% used [0x00000000f7780000,0x00000000fc188000,0x00000000fef80000)
  to   space 122880K, 0% used [0x00000000eff80000,0x00000000eff80000,0x00000000f7780000)
 ParOldGen       total 1061376K, used 985276K [0x0000000085200000, 0x00000000c5e80000, 0x00000000d7100000)
  object space 1061376K, 92% used [0x0000000085200000,0x00000000c142f070,0x00000000c5e80000)
 Metaspace       used 47061K, capacity 50172K, committed 50304K, reserved 1093632K
  class space    used 6185K, capacity 6755K, committed 6784K, reserved 1048576K
Event: 178.624 GC heap after
Heap after GC invocations=106 (full 9):
 PSYoungGen      total 530944K, used 91200K [0x00000000d7100000, 0x0000000100000000, 0x0000000100000000)
  eden space 408064K, 0% used [0x00000000d7100000,0x00000000d7100000,0x00000000eff80000)
  from space 122880K, 74% used [0x00000000eff80000,0x00000000f5890000,0x00000000f7780000)
  to   space 128000K, 0% used [0x00000000f8300000,0x00000000f8300000,0x0000000100000000)
 ParOldGen       total 1061376K, used 985276K [0x0000000085200000, 0x00000000c5e80000, 0x00000000d7100000)
  object space 1061376K, 92% used [0x0000000085200000,0x00000000c142f070,0x00000000c5e80000)
 Metaspace       used 47061K, capacity 50172K, committed 50304K, reserved 1093632K
  class space    used 6185K, capacity 6755K, committed 6784K, reserved 1048576K
}
Event: 180.105 GC heap before
{Heap before GC invocations=107 (full 9):
 PSYoungGen      total 530944K, used 499264K [0x00000000d7100000, 0x0000000100000000, 0x0000000100000000)
  eden space 408064K, 100% used [0x00000000d7100000,0x00000000eff80000,0x00000000eff80000)
  from space 122880K, 74% used [0x00000000eff80000,0x00000000f5890000,0x00000000f7780000)
  to   space 128000K, 0% used [0x00000000f8300000,0x00000000f8300000,0x0000000100000000)
 ParOldGen       total 1061376K, used 985276K [0x0000000085200000, 0x00000000c5e80000, 0x00000000d7100000)
  object space 1061376K, 92% used [0x0000000085200000,0x00000000c142f070,0x00000000c5e80000)
 Metaspace       used 47061K, capacity 50172K, committed 50304K, reserved 1093632K
  class space    used 6185K, capacity 6755K, committed 6784K, reserved 1048576K
Event: 180.232 GC heap after
Heap after GC invocations=107 (full 9):
 PSYoungGen      total 485376K, used 127970K [0x00000000d7100000, 0x0000000100000000, 0x0000000100000000)
  eden space 357376K, 0% used [0x00000000d7100000,0x00000000d7100000,0x00000000ece00000)
  from space 128000K, 99% used [0x00000000f8300000,0x00000000ffff8a88,0x0000000100000000)
  to   space 156672K, 0% used [0x00000000ece00000,0x00000000ece00000,0x00000000f6700000)
 ParOldGen       total 1061376K, used 1016428K [0x0000000085200000, 0x00000000c5e80000, 0x00000000d7100000)
  object space 1061376K, 95% used [0x0000000085200000,0x00000000c329b070,0x00000000c5e80000)
 Metaspace       used 47061K, capacity 50172K, committed 50304K, reserved 1093632K
  class space    used 6185K, capacity 6755K, committed 6784K, reserved 1048576K
}
Event: 180.232 GC heap before
{Heap before GC invocations=108 (full 10):
 PSYoungGen      total 485376K, used 127970K [0x00000000d7100000, 0x0000000100000000, 0x0000000100000000)
  eden space 357376K, 0% used [0x00000000d7100000,0x00000000d7100000,0x00000000ece00000)
  from space 128000K, 99% used [0x00000000f8300000,0x00000000ffff8a88,0x0000000100000000)
  to   space 156672K, 0% used [0x00000000ece00000,0x00000000ece00000,0x00000000f6700000)
 ParOldGen       total 1061376K, used 1016428K [0x0000000085200000, 0x00000000c5e80000, 0x00000000d7100000)
  object space 1061376K, 95% used [0x0000000085200000,0x00000000c329b070,0x00000000c5e80000)
 Metaspace       used 47061K, capacity 50172K, committed 50304K, reserved 1093632K
  class space    used 6185K, capacity 6755K, committed 6784K, reserved 1048576K

