# JRE version: OpenJDK Runtime Environment (8.0_172-b11) (build 1.8.0_172-b11)
# Java VM: OpenJDK 64-Bit Server VM (25.172-b11 mixed mode linux-amd64 compressed oops)
Heap:
 PSYoungGen      total 324096K, used 704K [0x00000000d7100000, 0x00000000ec300000, 0x0000000100000000)
  eden space 306688K, 0% used [0x00000000d7100000,0x00000000d7100000,0x00000000e9c80000)
  from space 17408K, 4% used [0x00000000ea100000,0x00000000ea1b0000,0x00000000eb200000)
  to   space 12288K, 0% used [0x00000000eb700000,0x00000000eb700000,0x00000000ec300000)
 ParOldGen       total 74752K, used 30744K [0x0000000085200000, 0x0000000089b00000, 0x00000000d7100000)
  object space 74752K, 41% used [0x0000000085200000,0x00000000870062e0,0x0000000089b00000)
 Metaspace       used 38408K, capacity 40730K, committed 40960K, reserved 1085440K
  class space    used 5136K, capacity 5586K, committed 5632K, reserved 1048576K
GC Heap History (10 events):
Event: 6.648 GC heap after
Heap after GC invocations=8 (full 1):
 PSYoungGen      total 134144K, used 9725K [0x00000000d7100000, 0x00000000e5f80000, 0x0000000100000000)
  eden space 124416K, 0% used [0x00000000d7100000,0x00000000d7100000,0x00000000dea80000)
  from space 9728K, 99% used [0x00000000dea80000,0x00000000df3ff6f8,0x00000000df400000)
  to   space 12800K, 0% used [0x00000000e5300000,0x00000000e5300000,0x00000000e5f80000)
 ParOldGen       total 44544K, used 9648K [0x0000000085200000, 0x0000000087d80000, 0x00000000d7100000)
  object space 44544K, 21% used [0x0000000085200000,0x0000000085b6c0b8,0x0000000087d80000)
 Metaspace       used 27844K, capacity 29380K, committed 29440K, reserved 1075200K
  class space    used 3723K, capacity 4053K, committed 4096K, reserved 1048576K
}
Event: 7.659 GC heap before
{Heap before GC invocations=9 (full 1):
 PSYoungGen      total 134144K, used 134141K [0x00000000d7100000, 0x00000000e5f80000, 0x0000000100000000)
  eden space 124416K, 100% used [0x00000000d7100000,0x00000000dea80000,0x00000000dea80000)
  from space 9728K, 99% used [0x00000000dea80000,0x00000000df3ff6f8,0x00000000df400000)
  to   space 12800K, 0% used [0x00000000e5300000,0x00000000e5300000,0x00000000e5f80000)
 ParOldGen       total 44544K, used 9648K [0x0000000085200000, 0x0000000087d80000, 0x00000000d7100000)
  object space 44544K, 21% used [0x0000000085200000,0x0000000085b6c0b8,0x0000000087d80000)
 Metaspace       used 32226K, capacity 34204K, committed 34432K, reserved 1079296K
  class space    used 4283K, capacity 4675K, committed 4736K, reserved 1048576K
Event: 7.675 GC heap after
Heap after GC invocations=9 (full 1):
 PSYoungGen      total 227328K, used 12770K [0x00000000d7100000, 0x00000000e6d80000, 0x0000000100000000)
  eden space 214528K, 0% used [0x00000000d7100000,0x00000000d7100000,0x00000000e4280000)
  from space 12800K, 99% used [0x00000000e5300000,0x00000000e5f789b8,0x00000000e5f80000)
  to   space 16896K, 0% used [0x00000000e4280000,0x00000000e4280000,0x00000000e5300000)
 ParOldGen       total 44544K, used 15487K [0x0000000085200000, 0x0000000087d80000, 0x00000000d7100000)
  object space 44544K, 34% used [0x0000000085200000,0x000000008611fff8,0x0000000087d80000)
 Metaspace       used 32226K, capacity 34204K, committed 34432K, reserved 1079296K
  class space    used 4283K, capacity 4675K, committed 4736K, reserved 1048576K
}
Event: 7.967 GC heap before
{Heap before GC invocations=10 (full 1):
 PSYoungGen      total 227328K, used 69801K [0x00000000d7100000, 0x00000000e6d80000, 0x0000000100000000)
  eden space 214528K, 26% used [0x00000000d7100000,0x00000000da8b1e30,0x00000000e4280000)
  from space 12800K, 99% used [0x00000000e5300000,0x00000000e5f789b8,0x00000000e5f80000)
  to   space 16896K, 0% used [0x00000000e4280000,0x00000000e4280000,0x00000000e5300000)
 ParOldGen       total 44544K, used 15487K [0x0000000085200000, 0x0000000087d80000, 0x00000000d7100000)
  object space 44544K, 34% used [0x0000000085200000,0x000000008611fff8,0x0000000087d80000)
 Metaspace       used 33436K, capacity 35428K, committed 35496K, reserved 1079296K
  class space    used 4463K, capacity 4857K, committed 4864K, reserved 1048576K
Event: 7.981 GC heap after
Heap after GC invocations=10 (full 1):
 PSYoungGen      total 231424K, used 11499K [0x00000000d7100000, 0x00000000ec800000, 0x0000000100000000)
  eden space 214528K, 0% used [0x00000000d7100000,0x00000000d7100000,0x00000000e4280000)
  from space 16896K, 68% used [0x00000000e4280000,0x00000000e4dbae00,0x00000000e5300000)
  to   space 17408K, 0% used [0x00000000eb700000,0x00000000eb700000,0x00000000ec800000)
 ParOldGen       total 44544K, used 19895K [0x0000000085200000, 0x0000000087d80000, 0x00000000d7100000)
  object space 44544K, 44% used [0x0000000085200000,0x000000008656dcc0,0x0000000087d80000)
 Metaspace       used 33436K, capacity 35428K, committed 35496K, reserved 1079296K
  class space    used 4463K, capacity 4857K, committed 4864K, reserved 1048576K
}
Event: 7.981 GC heap before
{Heap before GC invocations=11 (full 2):
 PSYoungGen      total 231424K, used 11499K [0x00000000d7100000, 0x00000000ec800000, 0x0000000100000000)
  eden space 214528K, 0% used [0x00000000d7100000,0x00000000d7100000,0x00000000e4280000)
  from space 16896K, 68% used [0x00000000e4280000,0x00000000e4dbae00,0x00000000e5300000)
  to   space 17408K, 0% used [0x00000000eb700000,0x00000000eb700000,0x00000000ec800000)
 ParOldGen       total 44544K, used 19895K [0x0000000085200000, 0x0000000087d80000, 0x00000000d7100000)
  object space 44544K, 44% used [0x0000000085200000,0x000000008656dcc0,0x0000000087d80000)
 Metaspace       used 33436K, capacity 35428K, committed 35496K, reserved 1079296K
  class space    used 4463K, capacity 4857K, committed 4864K, reserved 1048576K
Event: 8.064 GC heap after
Heap after GC invocations=11 (full 2):
 PSYoungGen      total 231424K, used 0K [0x00000000d7100000, 0x00000000ec800000, 0x0000000100000000)
  eden space 214528K, 0% used [0x00000000d7100000,0x00000000d7100000,0x00000000e4280000)
  from space 16896K, 0% used [0x00000000e4280000,0x00000000e4280000,0x00000000e5300000)
  to   space 17408K, 0% used [0x00000000eb700000,0x00000000eb700000,0x00000000ec800000)
 ParOldGen       total 74752K, used 23814K [0x0000000085200000, 0x0000000089b00000, 0x00000000d7100000)
  object space 74752K, 31% used [0x0000000085200000,0x00000000869419d0,0x0000000089b00000)
 Metaspace       used 33414K, capacity 35392K, committed 35496K, reserved 1079296K
  class space    used 4460K, capacity 4851K, committed 4864K, reserved 1048576K
}
Event: 20.824 GC heap before
{Heap before GC invocations=12 (full 2):
 PSYoungGen      total 231424K, used 214528K [0x00000000d7100000, 0x00000000ec800000, 0x0000000100000000)
  eden space 214528K, 100% used [0x00000000d7100000,0x00000000e4280000,0x00000000e4280000)
  from space 16896K, 0% used [0x00000000e4280000,0x00000000e4280000,0x00000000e5300000)
  to   space 17408K, 0% used [0x00000000eb700000,0x00000000eb700000,0x00000000ec800000)
 ParOldGen       total 74752K, used 23814K [0x0000000085200000, 0x0000000089b00000, 0x00000000d7100000)
  object space 74752K, 31% used [0x0000000085200000,0x00000000869419d0,0x0000000089b00000)
 Metaspace       used 38404K, capacity 40730K, committed 40960K, reserved 1085440K
  class space    used 5135K, capacity 5586K, committed 5632K, reserved 1048576K
Event: 20.913 GC heap after
Heap after GC invocations=12 (full 2):
 PSYoungGen      total 318976K, used 11846K [0x00000000d7100000, 0x00000000ec300000, 0x0000000100000000)
  eden space 306688K, 0% used [0x00000000d7100000,0x00000000d7100000,0x00000000e9c80000)
  from space 12288K, 96% used [0x00000000eb700000,0x00000000ec291818,0x00000000ec300000)
  to   space 17408K, 0% used [0x00000000ea100000,0x00000000ea100000,0x00000000eb200000)
 ParOldGen       total 74752K, used 23822K [0x0000000085200000, 0x0000000089b00000, 0x00000000d7100000)
  object space 74752K, 31% used [0x0000000085200000,0x00000000869439d0,0x0000000089b00000)
 Metaspace       used 38404K, capacity 40730K, committed 40960K, reserved 1085440K
  class space    used 5135K, capacity 5586K, committed 5632K, reserved 1048576K
}
Event: 70.420 GC heap before
{Heap before GC invocations=13 (full 2):
 PSYoungGen      total 318976K, used 318534K [0x00000000d7100000, 0x00000000ec300000, 0x0000000100000000)
  eden space 306688K, 100% used [0x00000000d7100000,0x00000000e9c80000,0x00000000e9c80000)
  from space 12288K, 96% used [0x00000000eb700000,0x00000000ec291818,0x00000000ec300000)
  to   space 17408K, 0% used [0x00000000ea100000,0x00000000ea100000,0x00000000eb200000)
 ParOldGen       total 74752K, used 23822K [0x0000000085200000, 0x0000000089b00000, 0x00000000d7100000)
  object space 74752K, 31% used [0x0000000085200000,0x00000000869439d0,0x0000000089b00000)
 Metaspace       used 38408K, capacity 40730K, committed 40960K, reserved 1085440K
  class space    used 5136K, capacity 5586K, committed 5632K, reserved 1048576K

