# JRE version: OpenJDK Runtime Environment (8.0_181-b13) (build 1.8.0_181-b13)
# Java VM: OpenJDK 64-Bit Server VM (25.181-b13 mixed mode linux-amd64 compressed oops)
Heap:
 PSYoungGen      total 378880K, used 10560K [0x00000000d7100000, 0x00000000ffd80000, 0x0000000100000000)
  eden space 232448K, 0% used [0x00000000d7100000,0x00000000d7100000,0x00000000e5400000)
  from space 146432K, 7% used [0x00000000e5400000,0x00000000e5e50188,0x00000000ee300000)
  to   space 217088K, 0% used [0x00000000f2980000,0x00000000f2980000,0x00000000ffd80000)
 ParOldGen       total 689152K, used 688978K [0x0000000085200000, 0x00000000af300000, 0x00000000d7100000)
  object space 689152K, 99% used [0x0000000085200000,0x00000000af2d4840,0x00000000af300000)
 Metaspace       used 49764K, capacity 53290K, committed 53424K, reserved 1095680K
  class space    used 6449K, capacity 7084K, committed 7088K, reserved 1048576K
GC Heap History (10 events):
Event: 999.552 GC heap after
Heap after GC invocations=195 (full 18):
 PSYoungGen      total 440320K, used 0K [0x00000000d7100000, 0x0000000100000000, 0x0000000100000000)
  eden space 224256K, 0% used [0x00000000d7100000,0x00000000d7100000,0x00000000e4c00000)
  from space 216064K, 0% used [0x00000000e4c00000,0x00000000e4c00000,0x00000000f1f00000)
  to   space 216576K, 0% used [0x00000000f2c80000,0x00000000f2c80000,0x0000000100000000)
 ParOldGen       total 689152K, used 107808K [0x0000000085200000, 0x00000000af300000, 0x00000000d7100000)
  object space 689152K, 15% used [0x0000000085200000,0x000000008bb483a8,0x00000000af300000)
 Metaspace       used 49764K, capacity 53290K, committed 53424K, reserved 1095680K
  class space    used 6449K, capacity 7084K, committed 7088K, reserved 1048576K
}
Event: 999.840 GC heap before
{Heap before GC invocations=196 (full 18):
 PSYoungGen      total 440320K, used 224256K [0x00000000d7100000, 0x0000000100000000, 0x0000000100000000)
  eden space 224256K, 100% used [0x00000000d7100000,0x00000000e4c00000,0x00000000e4c00000)
  from space 216064K, 0% used [0x00000000e4c00000,0x00000000e4c00000,0x00000000f1f00000)
  to   space 216576K, 0% used [0x00000000f2c80000,0x00000000f2c80000,0x0000000100000000)
 ParOldGen       total 689152K, used 107808K [0x0000000085200000, 0x00000000af300000, 0x00000000d7100000)
  object space 689152K, 15% used [0x0000000085200000,0x000000008bb483a8,0x00000000af300000)
 Metaspace       used 49764K, capacity 53290K, committed 53424K, reserved 1095680K
  class space    used 6449K, capacity 7084K, committed 7088K, reserved 1048576K
Event: 999.938 GC heap after
Heap after GC invocations=196 (full 18):
 PSYoungGen      total 454144K, used 144512K [0x00000000d7100000, 0x0000000100000000, 0x0000000100000000)
  eden space 237568K, 0% used [0x00000000d7100000,0x00000000d7100000,0x00000000e5900000)
  from space 216576K, 66% used [0x00000000f2c80000,0x00000000fb9a0000,0x0000000100000000)
  to   space 216576K, 0% used [0x00000000e5900000,0x00000000e5900000,0x00000000f2c80000)
 ParOldGen       total 689152K, used 107808K [0x0000000085200000, 0x00000000af300000, 0x00000000d7100000)
  object space 689152K, 15% used [0x0000000085200000,0x000000008bb483a8,0x00000000af300000)
 Metaspace       used 49764K, capacity 53290K, committed 53424K, reserved 1095680K
  class space    used 6449K, capacity 7084K, committed 7088K, reserved 1048576K
}
Event: 1000.221 GC heap before
{Heap before GC invocations=197 (full 18):
 PSYoungGen      total 454144K, used 382080K [0x00000000d7100000, 0x0000000100000000, 0x0000000100000000)
  eden space 237568K, 100% used [0x00000000d7100000,0x00000000e5900000,0x00000000e5900000)
  from space 216576K, 66% used [0x00000000f2c80000,0x00000000fb9a0000,0x0000000100000000)
  to   space 216576K, 0% used [0x00000000e5900000,0x00000000e5900000,0x00000000f2c80000)
 ParOldGen       total 689152K, used 107808K [0x0000000085200000, 0x00000000af300000, 0x00000000d7100000)
  object space 689152K, 15% used [0x0000000085200000,0x000000008bb483a8,0x00000000af300000)
 Metaspace       used 49764K, capacity 53290K, committed 53424K, reserved 1095680K
  class space    used 6449K, capacity 7084K, committed 7088K, reserved 1048576K
Event: 1000.417 GC heap after
Heap after GC invocations=197 (full 18):
 PSYoungGen      total 387584K, used 149664K [0x00000000d7100000, 0x0000000100000000, 0x0000000100000000)
  eden space 237568K, 0% used [0x00000000d7100000,0x00000000d7100000,0x00000000e5900000)
  from space 150016K, 99% used [0x00000000e5900000,0x00000000eeb28000,0x00000000eeb80000)
  to   space 217600K, 0% used [0x00000000f2b80000,0x00000000f2b80000,0x0000000100000000)
 ParOldGen       total 689152K, used 252656K [0x0000000085200000, 0x00000000af300000, 0x00000000d7100000)
  object space 689152K, 36% used [0x0000000085200000,0x00000000948bc3a8,0x00000000af300000)
 Metaspace       used 49764K, capacity 53290K, committed 53424K, reserved 1095680K
  class space    used 6449K, capacity 7084K, committed 7088K, reserved 1048576K
}
Event: 1000.728 GC heap before
{Heap before GC invocations=198 (full 18):
 PSYoungGen      total 387584K, used 387232K [0x00000000d7100000, 0x0000000100000000, 0x0000000100000000)
  eden space 237568K, 100% used [0x00000000d7100000,0x00000000e5900000,0x00000000e5900000)
  from space 150016K, 99% used [0x00000000e5900000,0x00000000eeb28000,0x00000000eeb80000)
  to   space 217600K, 0% used [0x00000000f2b80000,0x00000000f2b80000,0x0000000100000000)
 ParOldGen       total 689152K, used 252656K [0x0000000085200000, 0x00000000af300000, 0x00000000d7100000)
  object space 689152K, 36% used [0x0000000085200000,0x00000000948bc3a8,0x00000000af300000)
 Metaspace       used 49764K, capacity 53290K, committed 53424K, reserved 1095680K
  class space    used 6449K, capacity 7084K, committed 7088K, reserved 1048576K
Event: 1000.946 GC heap after
Heap after GC invocations=198 (full 18):
 PSYoungGen      total 450048K, used 153248K [0x00000000d7100000, 0x0000000100000000, 0x0000000100000000)
  eden space 232448K, 0% used [0x00000000d7100000,0x00000000d7100000,0x00000000e5400000)
  from space 217600K, 70% used [0x00000000f2b80000,0x00000000fc128000,0x0000000100000000)
  to   space 219136K, 0% used [0x00000000e5400000,0x00000000e5400000,0x00000000f2a00000)
 ParOldGen       total 689152K, used 402064K [0x0000000085200000, 0x00000000af300000, 0x00000000d7100000)
  object space 689152K, 58% used [0x0000000085200000,0x000000009daa43a8,0x00000000af300000)
 Metaspace       used 49764K, capacity 53290K, committed 53424K, reserved 1095680K
  class space    used 6449K, capacity 7084K, committed 7088K, reserved 1048576K
}
Event: 1001.248 GC heap before
{Heap before GC invocations=199 (full 18):
 PSYoungGen      total 450048K, used 385696K [0x00000000d7100000, 0x0000000100000000, 0x0000000100000000)
  eden space 232448K, 100% used [0x00000000d7100000,0x00000000e5400000,0x00000000e5400000)
  from space 217600K, 70% used [0x00000000f2b80000,0x00000000fc128000,0x0000000100000000)
  to   space 219136K, 0% used [0x00000000e5400000,0x00000000e5400000,0x00000000f2a00000)
 ParOldGen       total 689152K, used 402064K [0x0000000085200000, 0x00000000af300000, 0x00000000d7100000)
  object space 689152K, 58% used [0x0000000085200000,0x000000009daa43a8,0x00000000af300000)
 Metaspace       used 49764K, capacity 53290K, committed 53424K, reserved 1095680K
  class space    used 6449K, capacity 7084K, committed 7088K, reserved 1048576K
Event: 1001.456 GC heap after
Heap after GC invocations=199 (full 18):
 PSYoungGen      total 378880K, used 146304K [0x00000000d7100000, 0x00000000ffd80000, 0x0000000100000000)
  eden space 232448K, 0% used [0x00000000d7100000,0x00000000d7100000,0x00000000e5400000)
  from space 146432K, 99% used [0x00000000e5400000,0x00000000ee2e0000,0x00000000ee300000)
  to   space 217088K, 0% used [0x00000000f2980000,0x00000000f2980000,0x00000000ffd80000)
 ParOldGen       total 689152K, used 555680K [0x0000000085200000, 0x00000000af300000, 0x00000000d7100000)
  object space 689152K, 80% used [0x0000000085200000,0x00000000a70a83a8,0x00000000af300000)
 Metaspace       used 49764K, capacity 53290K, committed 53424K, reserved 1095680K
  class space    used 6449K, capacity 7084K, committed 7088K, reserved 1048576K
}
Event: 1001.457 GC heap before
{Heap before GC invocations=200 (full 19):
 PSYoungGen      total 378880K, used 146304K [0x00000000d7100000, 0x00000000ffd80000, 0x0000000100000000)
  eden space 232448K, 0% used [0x00000000d7100000,0x00000000d7100000,0x00000000e5400000)
  from space 146432K, 99% used [0x00000000e5400000,0x00000000ee2e0000,0x00000000ee300000)
  to   space 217088K, 0% used [0x00000000f2980000,0x00000000f2980000,0x00000000ffd80000)
 ParOldGen       total 689152K, used 555680K [0x0000000085200000, 0x00000000af300000, 0x00000000d7100000)
  object space 689152K, 80% used [0x0000000085200000,0x00000000a70a83a8,0x00000000af300000)
 Metaspace       used 49764K, capacity 53290K, committed 53424K, reserved 1095680K
  class space    used 6449K, capacity 7084K, committed 7088K, reserved 1048576K

