# JRE version: OpenJDK Runtime Environment (8.0_181-b13) (build 1.8.0_181-b13)
# Java VM: OpenJDK 64-Bit Server VM (25.181-b13 mixed mode linux-amd64 compressed oops)
Heap:
 PSYoungGen      total 385536K, used 58449K [0x00000000d7100000, 0x00000000f6000000, 0x0000000100000000)
  eden space 268288K, 0% used [0x00000000d7100000,0x00000000d7100000,0x00000000e7700000)
  from space 117248K, 49% used [0x00000000eed80000,0x00000000f2694418,0x00000000f6000000)
  to   space 119296K, 0% used [0x00000000e7700000,0x00000000e7700000,0x00000000eeb80000)
 ParOldGen       total 116224K, used 115960K [0x0000000085200000, 0x000000008c380000, 0x00000000d7100000)
  object space 116224K, 99% used [0x0000000085200000,0x000000008c33e308,0x000000008c380000)
 Metaspace       used 49254K, capacity 52646K, committed 52912K, reserved 1095680K
  class space    used 6397K, capacity 7050K, committed 7088K, reserved 1048576K
GC Heap History (10 events):
Event: 767.833 GC heap after
Heap after GC invocations=61 (full 5):
 PSYoungGen      total 322048K, used 81388K [0x00000000d7100000, 0x00000000f2c00000, 0x0000000100000000)
  eden space 215552K, 0% used [0x00000000d7100000,0x00000000d7100000,0x00000000e4380000)
  from space 106496K, 76% used [0x00000000eb300000,0x00000000f027b010,0x00000000f1b00000)
  to   space 114176K, 0% used [0x00000000e4380000,0x00000000e4380000,0x00000000eb300000)
 ParOldGen       total 116224K, used 61054K [0x0000000085200000, 0x000000008c380000, 0x00000000d7100000)
  object space 116224K, 52% used [0x0000000085200000,0x0000000088d9fbf0,0x000000008c380000)
 Metaspace       used 49284K, capacity 52694K, committed 52912K, reserved 1095680K
  class space    used 6402K, capacity 7058K, committed 7088K, reserved 1048576K
}
Event: 769.056 GC heap before
{Heap before GC invocations=62 (full 5):
 PSYoungGen      total 322048K, used 296940K [0x00000000d7100000, 0x00000000f2c00000, 0x0000000100000000)
  eden space 215552K, 100% used [0x00000000d7100000,0x00000000e4380000,0x00000000e4380000)
  from space 106496K, 76% used [0x00000000eb300000,0x00000000f027b010,0x00000000f1b00000)
  to   space 114176K, 0% used [0x00000000e4380000,0x00000000e4380000,0x00000000eb300000)
 ParOldGen       total 116224K, used 61054K [0x0000000085200000, 0x000000008c380000, 0x00000000d7100000)
  object space 116224K, 52% used [0x0000000085200000,0x0000000088d9fbf0,0x000000008c380000)
 Metaspace       used 49284K, capacity 52694K, committed 52912K, reserved 1095680K
  class space    used 6402K, capacity 7058K, committed 7088K, reserved 1048576K
Event: 769.130 GC heap after
Heap after GC invocations=62 (full 5):
 PSYoungGen      total 329728K, used 78188K [0x00000000d7100000, 0x00000000f4580000, 0x0000000100000000)
  eden space 215552K, 0% used [0x00000000d7100000,0x00000000d7100000,0x00000000e4380000)
  from space 114176K, 68% used [0x00000000e4380000,0x00000000e8fdb010,0x00000000eb300000)
  to   space 118784K, 0% used [0x00000000ed180000,0x00000000ed180000,0x00000000f4580000)
 ParOldGen       total 116224K, used 72102K [0x0000000085200000, 0x000000008c380000, 0x00000000d7100000)
  object space 116224K, 62% used [0x0000000085200000,0x0000000089869bf0,0x000000008c380000)
 Metaspace       used 49284K, capacity 52694K, committed 52912K, reserved 1095680K
  class space    used 6402K, capacity 7058K, committed 7088K, reserved 1048576K
}
Event: 770.247 GC heap before
{Heap before GC invocations=63 (full 5):
 PSYoungGen      total 329728K, used 293740K [0x00000000d7100000, 0x00000000f4580000, 0x0000000100000000)
  eden space 215552K, 100% used [0x00000000d7100000,0x00000000e4380000,0x00000000e4380000)
  from space 114176K, 68% used [0x00000000e4380000,0x00000000e8fdb010,0x00000000eb300000)
  to   space 118784K, 0% used [0x00000000ed180000,0x00000000ed180000,0x00000000f4580000)
 ParOldGen       total 116224K, used 72102K [0x0000000085200000, 0x000000008c380000, 0x00000000d7100000)
  object space 116224K, 62% used [0x0000000085200000,0x0000000089869bf0,0x000000008c380000)
 Metaspace       used 49284K, capacity 52694K, committed 52912K, reserved 1095680K
  class space    used 6402K, capacity 7058K, committed 7088K, reserved 1048576K
Event: 770.324 GC heap after
Heap after GC invocations=63 (full 5):
 PSYoungGen      total 358400K, used 74636K [0x00000000d7100000, 0x00000000f4a80000, 0x0000000100000000)
  eden space 239616K, 0% used [0x00000000d7100000,0x00000000d7100000,0x00000000e5b00000)
  from space 118784K, 62% used [0x00000000ed180000,0x00000000f1a63010,0x00000000f4580000)
  to   space 121344K, 0% used [0x00000000e5b00000,0x00000000e5b00000,0x00000000ed180000)
 ParOldGen       total 116224K, used 83598K [0x0000000085200000, 0x000000008c380000, 0x00000000d7100000)
  object space 116224K, 71% used [0x0000000085200000,0x000000008a3a3bf0,0x000000008c380000)
 Metaspace       used 49284K, capacity 52694K, committed 52912K, reserved 1095680K
  class space    used 6402K, capacity 7058K, committed 7088K, reserved 1048576K
}
Event: 771.530 GC heap before
{Heap before GC invocations=64 (full 5):
 PSYoungGen      total 358400K, used 314252K [0x00000000d7100000, 0x00000000f4a80000, 0x0000000100000000)
  eden space 239616K, 100% used [0x00000000d7100000,0x00000000e5b00000,0x00000000e5b00000)
  from space 118784K, 62% used [0x00000000ed180000,0x00000000f1a63010,0x00000000f4580000)
  to   space 121344K, 0% used [0x00000000e5b00000,0x00000000e5b00000,0x00000000ed180000)
 ParOldGen       total 116224K, used 83598K [0x0000000085200000, 0x000000008c380000, 0x00000000d7100000)
  object space 116224K, 71% used [0x0000000085200000,0x000000008a3a3bf0,0x000000008c380000)
 Metaspace       used 49284K, capacity 52694K, committed 52912K, reserved 1095680K
  class space    used 6402K, capacity 7058K, committed 7088K, reserved 1048576K
Event: 771.604 GC heap after
Heap after GC invocations=64 (full 5):
 PSYoungGen      total 360960K, used 70444K [0x00000000d7100000, 0x00000000f6380000, 0x0000000100000000)
  eden space 239616K, 0% used [0x00000000d7100000,0x00000000d7100000,0x00000000e5b00000)
  from space 121344K, 58% used [0x00000000e5b00000,0x00000000e9fcb010,0x00000000ed180000)
  to   space 120832K, 0% used [0x00000000eed80000,0x00000000eed80000,0x00000000f6380000)
 ParOldGen       total 116224K, used 96046K [0x0000000085200000, 0x000000008c380000, 0x00000000d7100000)
  object space 116224K, 82% used [0x0000000085200000,0x000000008afcbbf0,0x000000008c380000)
 Metaspace       used 49284K, capacity 52694K, committed 52912K, reserved 1095680K
  class space    used 6402K, capacity 7058K, committed 7088K, reserved 1048576K
}
Event: 772.545 GC heap before
{Heap before GC invocations=65 (full 5):
 PSYoungGen      total 360960K, used 310060K [0x00000000d7100000, 0x00000000f6380000, 0x0000000100000000)
  eden space 239616K, 100% used [0x00000000d7100000,0x00000000e5b00000,0x00000000e5b00000)
  from space 121344K, 58% used [0x00000000e5b00000,0x00000000e9fcb010,0x00000000ed180000)
  to   space 120832K, 0% used [0x00000000eed80000,0x00000000eed80000,0x00000000f6380000)
 ParOldGen       total 116224K, used 96046K [0x0000000085200000, 0x000000008c380000, 0x00000000d7100000)
  object space 116224K, 82% used [0x0000000085200000,0x000000008afcbbf0,0x000000008c380000)
 Metaspace       used 49284K, capacity 52694K, committed 52912K, reserved 1095680K
  class space    used 6402K, capacity 7058K, committed 7088K, reserved 1048576K
Event: 772.638 GC heap after
Heap after GC invocations=65 (full 5):
 PSYoungGen      total 385536K, used 68818K [0x00000000d7100000, 0x00000000f6000000, 0x0000000100000000)
  eden space 268288K, 0% used [0x00000000d7100000,0x00000000d7100000,0x00000000e7700000)
  from space 117248K, 58% used [0x00000000eed80000,0x00000000f30b4808,0x00000000f6000000)
  to   space 119296K, 0% used [0x00000000e7700000,0x00000000e7700000,0x00000000eeb80000)
 ParOldGen       total 116224K, used 109190K [0x0000000085200000, 0x000000008c380000, 0x00000000d7100000)
  object space 116224K, 93% used [0x0000000085200000,0x000000008bca1bf0,0x000000008c380000)
 Metaspace       used 49284K, capacity 52694K, committed 52912K, reserved 1095680K
  class space    used 6402K, capacity 7058K, committed 7088K, reserved 1048576K
}
Event: 772.645 GC heap before
{Heap before GC invocations=66 (full 6):
 PSYoungGen      total 385536K, used 68818K [0x00000000d7100000, 0x00000000f6000000, 0x0000000100000000)
  eden space 268288K, 0% used [0x00000000d7100000,0x00000000d7100000,0x00000000e7700000)
  from space 117248K, 58% used [0x00000000eed80000,0x00000000f30b4808,0x00000000f6000000)
  to   space 119296K, 0% used [0x00000000e7700000,0x00000000e7700000,0x00000000eeb80000)
 ParOldGen       total 116224K, used 109190K [0x0000000085200000, 0x000000008c380000, 0x00000000d7100000)
  object space 116224K, 93% used [0x0000000085200000,0x000000008bca1bf0,0x000000008c380000)
 Metaspace       used 49284K, capacity 52694K, committed 52912K, reserved 1095680K
  class space    used 6402K, capacity 7058K, committed 7088K, reserved 1048576K

