# JRE version: OpenJDK Runtime Environment (8.0_181-b13) (build 1.8.0_181-b13)
# Java VM: OpenJDK 64-Bit Server VM (25.181-b13 mixed mode linux-amd64 compressed oops)
Heap:
 PSYoungGen      total 414720K, used 46038K [0x00000000d7100000, 0x0000000100000000, 0x0000000100000000)
  eden space 224256K, 0% used [0x00000000d7100000,0x00000000d7100000,0x00000000e4c00000)
  from space 190464K, 24% used [0x00000000f4600000,0x00000000f72f5958,0x0000000100000000)
  to   space 223232K, 0% used [0x00000000e4c00000,0x00000000e4c00000,0x00000000f2600000)
 ParOldGen       total 776704K, used 776645K [0x0000000085200000, 0x00000000b4880000, 0x00000000d7100000)
  object space 776704K, 99% used [0x0000000085200000,0x00000000b4871718,0x00000000b4880000)
 Metaspace       used 45874K, capacity 48616K, committed 48896K, reserved 1091584K
  class space    used 6074K, capacity 6573K, committed 6656K, reserved 1048576K
GC Heap History (10 events):
Event: 58.591 GC heap after
Heap after GC invocations=17 (full 3):
 PSYoungGen      total 419840K, used 75264K [0x00000000d7100000, 0x0000000100000000, 0x0000000100000000)
  eden space 344576K, 0% used [0x00000000d7100000,0x00000000d7100000,0x00000000ec180000)
  from space 75264K, 100% used [0x00000000f4600000,0x00000000f8f80000,0x00000000f8f80000)
  to   space 135680K, 0% used [0x00000000ec180000,0x00000000ec180000,0x00000000f4600000)
 ParOldGen       total 312832K, used 309782K [0x0000000085200000, 0x0000000098380000, 0x00000000d7100000)
  object space 312832K, 99% used [0x0000000085200000,0x0000000098085888,0x0000000098380000)
 Metaspace       used 45874K, capacity 48616K, committed 48896K, reserved 1091584K
  class space    used 6074K, capacity 6573K, committed 6656K, reserved 1048576K
}
Event: 58.591 GC heap before
{Heap before GC invocations=18 (full 4):
 PSYoungGen      total 419840K, used 75264K [0x00000000d7100000, 0x0000000100000000, 0x0000000100000000)
  eden space 344576K, 0% used [0x00000000d7100000,0x00000000d7100000,0x00000000ec180000)
  from space 75264K, 100% used [0x00000000f4600000,0x00000000f8f80000,0x00000000f8f80000)
  to   space 135680K, 0% used [0x00000000ec180000,0x00000000ec180000,0x00000000f4600000)
 ParOldGen       total 312832K, used 309782K [0x0000000085200000, 0x0000000098380000, 0x00000000d7100000)
  object space 312832K, 99% used [0x0000000085200000,0x0000000098085888,0x0000000098380000)
 Metaspace       used 45874K, capacity 48616K, committed 48896K, reserved 1091584K
  class space    used 6074K, capacity 6573K, committed 6656K, reserved 1048576K
Event: 60.139 GC heap after
Heap after GC invocations=18 (full 4):
 PSYoungGen      total 419840K, used 72127K [0x00000000d7100000, 0x0000000100000000, 0x0000000100000000)
  eden space 344576K, 0% used [0x00000000d7100000,0x00000000d7100000,0x00000000ec180000)
  from space 75264K, 95% used [0x00000000f4600000,0x00000000f8c6fe48,0x00000000f8f80000)
  to   space 135680K, 0% used [0x00000000ec180000,0x00000000ec180000,0x00000000f4600000)
 ParOldGen       total 508416K, used 312385K [0x0000000085200000, 0x00000000a4280000, 0x00000000d7100000)
  object space 508416K, 61% used [0x0000000085200000,0x0000000098310448,0x00000000a4280000)
 Metaspace       used 45874K, capacity 48616K, committed 48896K, reserved 1091584K
  class space    used 6074K, capacity 6573K, committed 6656K, reserved 1048576K
}
Event: 60.590 GC heap before
{Heap before GC invocations=19 (full 4):
 PSYoungGen      total 419840K, used 416703K [0x00000000d7100000, 0x0000000100000000, 0x0000000100000000)
  eden space 344576K, 100% used [0x00000000d7100000,0x00000000ec180000,0x00000000ec180000)
  from space 75264K, 95% used [0x00000000f4600000,0x00000000f8c6fe48,0x00000000f8f80000)
  to   space 135680K, 0% used [0x00000000ec180000,0x00000000ec180000,0x00000000f4600000)
 ParOldGen       total 508416K, used 312385K [0x0000000085200000, 0x00000000a4280000, 0x00000000d7100000)
  object space 508416K, 61% used [0x0000000085200000,0x0000000098310448,0x00000000a4280000)
 Metaspace       used 45874K, capacity 48616K, committed 48896K, reserved 1091584K
  class space    used 6074K, capacity 6573K, committed 6656K, reserved 1048576K
Event: 60.879 GC heap after
Heap after GC invocations=19 (full 4):
 PSYoungGen      total 480256K, used 135680K [0x00000000d7100000, 0x0000000100000000, 0x0000000100000000)
  eden space 344576K, 0% used [0x00000000d7100000,0x00000000d7100000,0x00000000ec180000)
  from space 135680K, 100% used [0x00000000ec180000,0x00000000f4600000,0x00000000f4600000)
  to   space 190464K, 0% used [0x00000000f4600000,0x00000000f4600000,0x0000000100000000)
 ParOldGen       total 508416K, used 470537K [0x0000000085200000, 0x00000000a4280000, 0x00000000d7100000)
  object space 508416K, 92% used [0x0000000085200000,0x00000000a1d82448,0x00000000a4280000)
 Metaspace       used 45874K, capacity 48616K, committed 48896K, reserved 1091584K
  class space    used 6074K, capacity 6573K, committed 6656K, reserved 1048576K
}
Event: 60.879 GC heap before
{Heap before GC invocations=20 (full 5):
 PSYoungGen      total 480256K, used 135680K [0x00000000d7100000, 0x0000000100000000, 0x0000000100000000)
  eden space 344576K, 0% used [0x00000000d7100000,0x00000000d7100000,0x00000000ec180000)
  from space 135680K, 100% used [0x00000000ec180000,0x00000000f4600000,0x00000000f4600000)
  to   space 190464K, 0% used [0x00000000f4600000,0x00000000f4600000,0x0000000100000000)
 ParOldGen       total 508416K, used 470537K [0x0000000085200000, 0x00000000a4280000, 0x00000000d7100000)
  object space 508416K, 92% used [0x0000000085200000,0x00000000a1d82448,0x00000000a4280000)
 Metaspace       used 45874K, capacity 48616K, committed 48896K, reserved 1091584K
  class space    used 6074K, capacity 6573K, committed 6656K, reserved 1048576K
Event: 62.362 GC heap after
Heap after GC invocations=20 (full 5):
 PSYoungGen      total 480256K, used 96679K [0x00000000d7100000, 0x0000000100000000, 0x0000000100000000)
  eden space 344576K, 0% used [0x00000000d7100000,0x00000000d7100000,0x00000000ec180000)
  from space 135680K, 71% used [0x00000000ec180000,0x00000000f1fe9d68,0x00000000f4600000)
  to   space 190464K, 0% used [0x00000000f4600000,0x00000000f4600000,0x0000000100000000)
 ParOldGen       total 776704K, used 508265K [0x0000000085200000, 0x00000000b4880000, 0x00000000d7100000)
  object space 776704K, 65% used [0x0000000085200000,0x00000000a425a798,0x00000000b4880000)
 Metaspace       used 45874K, capacity 48616K, committed 48896K, reserved 1091584K
  class space    used 6074K, capacity 6573K, committed 6656K, reserved 1048576K
}
Event: 62.802 GC heap before
{Heap before GC invocations=21 (full 5):
 PSYoungGen      total 480256K, used 441255K [0x00000000d7100000, 0x0000000100000000, 0x0000000100000000)
  eden space 344576K, 100% used [0x00000000d7100000,0x00000000ec180000,0x00000000ec180000)
  from space 135680K, 71% used [0x00000000ec180000,0x00000000f1fe9d68,0x00000000f4600000)
  to   space 190464K, 0% used [0x00000000f4600000,0x00000000f4600000,0x0000000100000000)
 ParOldGen       total 776704K, used 508265K [0x0000000085200000, 0x00000000b4880000, 0x00000000d7100000)
  object space 776704K, 65% used [0x0000000085200000,0x00000000a425a798,0x00000000b4880000)
 Metaspace       used 45874K, capacity 48616K, committed 48896K, reserved 1091584K
  class space    used 6074K, capacity 6573K, committed 6656K, reserved 1048576K
Event: 63.180 GC heap after
Heap after GC invocations=21 (full 5):
 PSYoungGen      total 414720K, used 190464K [0x00000000d7100000, 0x0000000100000000, 0x0000000100000000)
  eden space 224256K, 0% used [0x00000000d7100000,0x00000000d7100000,0x00000000e4c00000)
  from space 190464K, 100% used [0x00000000f4600000,0x0000000100000000,0x0000000100000000)
  to   space 223232K, 0% used [0x00000000e4c00000,0x00000000e4c00000,0x00000000f2600000)
 ParOldGen       total 776704K, used 632857K [0x0000000085200000, 0x00000000b4880000, 0x00000000d7100000)
  object space 776704K, 81% used [0x0000000085200000,0x00000000abc06798,0x00000000b4880000)
 Metaspace       used 45874K, capacity 48616K, committed 48896K, reserved 1091584K
  class space    used 6074K, capacity 6573K, committed 6656K, reserved 1048576K
}
Event: 63.180 GC heap before
{Heap before GC invocations=22 (full 6):
 PSYoungGen      total 414720K, used 190464K [0x00000000d7100000, 0x0000000100000000, 0x0000000100000000)
  eden space 224256K, 0% used [0x00000000d7100000,0x00000000d7100000,0x00000000e4c00000)
  from space 190464K, 100% used [0x00000000f4600000,0x0000000100000000,0x0000000100000000)
  to   space 223232K, 0% used [0x00000000e4c00000,0x00000000e4c00000,0x00000000f2600000)
 ParOldGen       total 776704K, used 632857K [0x0000000085200000, 0x00000000b4880000, 0x00000000d7100000)
  object space 776704K, 81% used [0x0000000085200000,0x00000000abc06798,0x00000000b4880000)
 Metaspace       used 45874K, capacity 48616K, committed 48896K, reserved 1091584K
  class space    used 6074K, capacity 6573K, committed 6656K, reserved 1048576K

